<?xml version="1.0" encoding="UTF-8"?>
<testsuite name="com.example.ssu_blog.repository.JpaUserRepositoryTest" tests="2" skipped="0" failures="0" errors="0" timestamp="2023-09-12T12:57:43" hostname="bagsangcheol-ui-MacBookPro.local" time="0.633">
  <properties/>
  <testcase name="User 추가 레포지토리 테스트" classname="com.example.ssu_blog.repository.JpaUserRepositoryTest" time="0.524"/>
  <testcase name="Email을 통해 User 찾기 레포지토리 테스트" classname="com.example.ssu_blog.repository.JpaUserRepositoryTest" time="0.103"/>
  <system-out><![CDATA[21:57:37.882 [Test worker] DEBUG org.springframework.test.context.BootstrapUtils - Instantiating CacheAwareContextLoaderDelegate from class [org.springframework.test.context.cache.DefaultCacheAwareContextLoaderDelegate]
21:57:37.892 [Test worker] DEBUG org.springframework.test.context.BootstrapUtils - Instantiating BootstrapContext using constructor [public org.springframework.test.context.support.DefaultBootstrapContext(java.lang.Class,org.springframework.test.context.CacheAwareContextLoaderDelegate)]
21:57:37.924 [Test worker] DEBUG org.springframework.test.context.BootstrapUtils - Instantiating TestContextBootstrapper for test class [com.example.ssu_blog.repository.JpaUserRepositoryTest] from class [org.springframework.boot.test.context.SpringBootTestContextBootstrapper]
21:57:37.943 [Test worker] INFO org.springframework.boot.test.context.SpringBootTestContextBootstrapper - Neither @ContextConfiguration nor @ContextHierarchy found for test class [com.example.ssu_blog.repository.JpaUserRepositoryTest], using SpringBootContextLoader
21:57:37.946 [Test worker] DEBUG org.springframework.test.context.support.AbstractContextLoader - Did not detect default resource location for test class [com.example.ssu_blog.repository.JpaUserRepositoryTest]: class path resource [com/example/ssu_blog/repository/JpaUserRepositoryTest-context.xml] does not exist
21:57:37.946 [Test worker] DEBUG org.springframework.test.context.support.AbstractContextLoader - Did not detect default resource location for test class [com.example.ssu_blog.repository.JpaUserRepositoryTest]: class path resource [com/example/ssu_blog/repository/JpaUserRepositoryTestContext.groovy] does not exist
21:57:37.947 [Test worker] INFO org.springframework.test.context.support.AbstractContextLoader - Could not detect default resource locations for test class [com.example.ssu_blog.repository.JpaUserRepositoryTest]: no resource found for suffixes {-context.xml, Context.groovy}.
21:57:37.948 [Test worker] INFO org.springframework.test.context.support.AnnotationConfigContextLoaderUtils - Could not detect default configuration classes for test class [com.example.ssu_blog.repository.JpaUserRepositoryTest]: JpaUserRepositoryTest does not declare any static, non-private, non-final, nested classes annotated with @Configuration.
21:57:38.002 [Test worker] DEBUG org.springframework.test.context.support.ActiveProfilesUtils - Could not find an 'annotation declaring class' for annotation type [org.springframework.test.context.ActiveProfiles] and class [com.example.ssu_blog.repository.JpaUserRepositoryTest]
21:57:38.069 [Test worker] DEBUG org.springframework.context.annotation.ClassPathScanningCandidateComponentProvider - Identified candidate component class: file [/Users/parksangcheol/Desktop/ssu_blog/build/classes/kotlin/main/com/example/ssu_blog/SsuBlogApplication.class]
21:57:38.071 [Test worker] INFO org.springframework.boot.test.context.SpringBootTestContextBootstrapper - Found @SpringBootConfiguration com.example.ssu_blog.SsuBlogApplication for test class com.example.ssu_blog.repository.JpaUserRepositoryTest
21:57:38.141 [Test worker] DEBUG org.springframework.boot.test.context.SpringBootTestContextBootstrapper - @TestExecutionListeners is not present for class [com.example.ssu_blog.repository.JpaUserRepositoryTest]: using defaults.
21:57:38.143 [Test worker] INFO org.springframework.boot.test.context.SpringBootTestContextBootstrapper - Loaded default TestExecutionListener class names from location [META-INF/spring.factories]: [org.springframework.boot.test.autoconfigure.restdocs.RestDocsTestExecutionListener, org.springframework.boot.test.autoconfigure.web.client.MockRestServiceServerResetTestExecutionListener, org.springframework.boot.test.autoconfigure.web.servlet.MockMvcPrintOnlyOnFailureTestExecutionListener, org.springframework.boot.test.autoconfigure.web.servlet.WebDriverTestExecutionListener, org.springframework.boot.test.autoconfigure.webservices.client.MockWebServiceServerTestExecutionListener, org.springframework.boot.test.mock.mockito.MockitoTestExecutionListener, org.springframework.boot.test.mock.mockito.ResetMocksTestExecutionListener, org.springframework.test.context.web.ServletTestExecutionListener, org.springframework.test.context.support.DirtiesContextBeforeModesTestExecutionListener, org.springframework.test.context.event.ApplicationEventsTestExecutionListener, org.springframework.test.context.support.DependencyInjectionTestExecutionListener, org.springframework.test.context.support.DirtiesContextTestExecutionListener, org.springframework.test.context.transaction.TransactionalTestExecutionListener, org.springframework.test.context.jdbc.SqlScriptsTestExecutionListener, org.springframework.test.context.event.EventPublishingTestExecutionListener]
21:57:38.159 [Test worker] INFO org.springframework.boot.test.context.SpringBootTestContextBootstrapper - Using TestExecutionListeners: [org.springframework.test.context.web.ServletTestExecutionListener@5ad10c1a, org.springframework.test.context.support.DirtiesContextBeforeModesTestExecutionListener@6bb75258, org.springframework.test.context.event.ApplicationEventsTestExecutionListener@c260bdc, org.springframework.boot.test.mock.mockito.MockitoTestExecutionListener@75e01201, org.springframework.boot.test.autoconfigure.SpringBootDependencyInjectionTestExecutionListener@2783717b, org.springframework.test.context.support.DirtiesContextTestExecutionListener@76f7d241, org.springframework.test.context.transaction.TransactionalTestExecutionListener@4a335fa8, org.springframework.test.context.jdbc.SqlScriptsTestExecutionListener@3f363cf5, org.springframework.test.context.event.EventPublishingTestExecutionListener@3829ac1, org.springframework.boot.test.autoconfigure.restdocs.RestDocsTestExecutionListener@4baf352a, org.springframework.boot.test.autoconfigure.web.client.MockRestServiceServerResetTestExecutionListener@1bb1fde8, org.springframework.boot.test.autoconfigure.web.servlet.MockMvcPrintOnlyOnFailureTestExecutionListener@15eebbff, org.springframework.boot.test.autoconfigure.web.servlet.WebDriverTestExecutionListener@22d6f11, org.springframework.boot.test.autoconfigure.webservices.client.MockWebServiceServerTestExecutionListener@30990c1b, org.springframework.boot.test.mock.mockito.ResetMocksTestExecutionListener@2453f95d]
21:57:38.166 [Test worker] DEBUG org.springframework.test.context.support.AbstractDirtiesContextTestExecutionListener - Before test class: context [DefaultTestContext@7e38a7fe testClass = JpaUserRepositoryTest, testInstance = [null], testMethod = [null], testException = [null], mergedContextConfiguration = [WebMergedContextConfiguration@366ef90e testClass = JpaUserRepositoryTest, locations = '{}', classes = '{class com.example.ssu_blog.SsuBlogApplication}', contextInitializerClasses = '[]', activeProfiles = '{}', propertySourceLocations = '{}', propertySourceProperties = '{org.springframework.boot.test.context.SpringBootTestContextBootstrapper=true}', contextCustomizers = set[org.springframework.boot.test.autoconfigure.actuate.metrics.MetricsExportContextCustomizerFactory$DisableMetricExportContextCustomizer@6c2c1385, org.springframework.boot.test.autoconfigure.properties.PropertyMappingContextCustomizer@0, org.springframework.boot.test.autoconfigure.web.servlet.WebDriverContextCustomizerFactory$Customizer@60856961, org.springframework.boot.test.context.filter.ExcludeFilterContextCustomizer@3abada5a, org.springframework.boot.test.json.DuplicateJsonObjectContextCustomizerFactory$DuplicateJsonObjectContextCustomizer@3adcc812, org.springframework.boot.test.mock.mockito.MockitoContextCustomizer@0, org.springframework.boot.test.web.client.TestRestTemplateContextCustomizer@39de3d36, org.springframework.boot.test.context.SpringBootTestArgs@1, org.springframework.boot.test.context.SpringBootTestWebEnvironment@7c83dc97], resourceBasePath = 'src/main/webapp', contextLoader = 'org.springframework.boot.test.context.SpringBootContextLoader', parent = [null]], attributes = map['org.springframework.test.context.web.ServletTestExecutionListener.activateListener' -> true]], class annotated with @DirtiesContext [false] with mode [null].

  .   ____          _            __ _ _
 /\\ / ___'_ __ _ _(_)_ __  __ _ \ \ \ \
( ( )\___ | '_ | '_| | '_ \/ _` | \ \ \ \
 \\/  ___)| |_)| | | | | || (_| |  ) ) ) )
  '  |____| .__|_| |_|_| |_\__, | / / / /
 =========|_|==============|___/=/_/_/_/
 :: Spring Boot ::      (v2.7.16-SNAPSHOT)

2023-09-12 21:57:38.580  INFO 45033 --- [    Test worker] c.e.s.repository.JpaUserRepositoryTest   : Starting JpaUserRepositoryTest using Java 18.0.2 on bagsangcheol-ui-MacBookPro.local with PID 45033 (started by parksangcheol in /Users/parksangcheol/Desktop/ssu_blog)
2023-09-12 21:57:38.582  INFO 45033 --- [    Test worker] c.e.s.repository.JpaUserRepositoryTest   : No active profile set, falling back to 1 default profile: "default"
2023-09-12 21:57:39.524  INFO 45033 --- [    Test worker] .s.d.r.c.RepositoryConfigurationDelegate : Bootstrapping Spring Data JPA repositories in DEFAULT mode.
2023-09-12 21:57:39.542  INFO 45033 --- [    Test worker] .s.d.r.c.RepositoryConfigurationDelegate : Finished Spring Data repository scanning in 13 ms. Found 0 JPA repository interfaces.
2023-09-12 21:57:40.428  INFO 45033 --- [    Test worker] o.hibernate.jpa.internal.util.LogHelper  : HHH000204: Processing PersistenceUnitInfo [name: default]
2023-09-12 21:57:40.462  INFO 45033 --- [    Test worker] org.hibernate.Version                    : HHH000412: Hibernate ORM core version 5.6.15.Final
2023-09-12 21:57:40.653  INFO 45033 --- [    Test worker] o.hibernate.annotations.common.Version   : HCANN000001: Hibernate Commons Annotations {5.1.2.Final}
2023-09-12 21:57:40.734  INFO 45033 --- [    Test worker] com.zaxxer.hikari.HikariDataSource       : HikariPool-1 - Starting...
2023-09-12 21:57:41.087  INFO 45033 --- [    Test worker] com.zaxxer.hikari.HikariDataSource       : HikariPool-1 - Start completed.
2023-09-12 21:57:41.099  INFO 45033 --- [    Test worker] org.hibernate.dialect.Dialect            : HHH000400: Using dialect: org.hibernate.dialect.MySQL57Dialect
2023-09-12 21:57:41.577  INFO 45033 --- [    Test worker] o.h.e.t.j.p.i.JtaPlatformInitiator       : HHH000490: Using JtaPlatform implementation: [org.hibernate.engine.transaction.jta.platform.internal.NoJtaPlatform]
2023-09-12 21:57:41.593  INFO 45033 --- [    Test worker] j.LocalContainerEntityManagerFactoryBean : Initialized JPA EntityManagerFactory for persistence unit 'default'
2023-09-12 21:57:42.129  WARN 45033 --- [    Test worker] JpaBaseConfiguration$JpaWebConfiguration : spring.jpa.open-in-view is enabled by default. Therefore, database queries may be performed during view rendering. Explicitly configure spring.jpa.open-in-view to disable this warning
2023-09-12 21:57:43.355  INFO 45033 --- [    Test worker] c.e.s.repository.JpaUserRepositoryTest   : Started JpaUserRepositoryTest in 5.132 seconds (JVM running for 6.441)
2023-09-12 21:57:43.489  INFO 45033 --- [    Test worker] o.s.t.c.transaction.TransactionContext   : Began transaction (1) for test context [DefaultTestContext@7e38a7fe testClass = JpaUserRepositoryTest, testInstance = com.example.ssu_blog.repository.JpaUserRepositoryTest@29fc83c5, testMethod = saveTest@JpaUserRepositoryTest, testException = [null], mergedContextConfiguration = [WebMergedContextConfiguration@366ef90e testClass = JpaUserRepositoryTest, locations = '{}', classes = '{class com.example.ssu_blog.SsuBlogApplication}', contextInitializerClasses = '[]', activeProfiles = '{}', propertySourceLocations = '{}', propertySourceProperties = '{org.springframework.boot.test.context.SpringBootTestContextBootstrapper=true}', contextCustomizers = set[org.springframework.boot.test.autoconfigure.actuate.metrics.MetricsExportContextCustomizerFactory$DisableMetricExportContextCustomizer@6c2c1385, org.springframework.boot.test.autoconfigure.properties.PropertyMappingContextCustomizer@0, org.springframework.boot.test.autoconfigure.web.servlet.WebDriverContextCustomizerFactory$Customizer@60856961, org.springframework.boot.test.context.filter.ExcludeFilterContextCustomizer@3abada5a, org.springframework.boot.test.json.DuplicateJsonObjectContextCustomizerFactory$DuplicateJsonObjectContextCustomizer@3adcc812, org.springframework.boot.test.mock.mockito.MockitoContextCustomizer@0, org.springframework.boot.test.web.client.TestRestTemplateContextCustomizer@39de3d36, org.springframework.boot.test.context.SpringBootTestArgs@1, org.springframework.boot.test.context.SpringBootTestWebEnvironment@7c83dc97], resourceBasePath = 'src/main/webapp', contextLoader = 'org.springframework.boot.test.context.SpringBootContextLoader', parent = [null]], attributes = map['org.springframework.test.context.web.ServletTestExecutionListener.activateListener' -> true, 'org.springframework.test.context.web.ServletTestExecutionListener.populatedRequestContextHolder' -> true, 'org.springframework.test.context.web.ServletTestExecutionListener.resetRequestContextHolder' -> true, 'org.springframework.test.context.event.ApplicationEventsTestExecutionListener.recordApplicationEvents' -> false]]; transaction manager [org.springframework.orm.jpa.JpaTransactionManager@22cb8e5f]; rollback [true]
Hibernate: insert into user (created_at, email, password, updated_at, username) values (?, ?, ?, ?, ?)
2023-09-12 21:57:43.958  INFO 45033 --- [    Test worker] o.s.t.c.transaction.TransactionContext   : Rolled back transaction for test: [DefaultTestContext@7e38a7fe testClass = JpaUserRepositoryTest, testInstance = com.example.ssu_blog.repository.JpaUserRepositoryTest@29fc83c5, testMethod = saveTest@JpaUserRepositoryTest, testException = [null], mergedContextConfiguration = [WebMergedContextConfiguration@366ef90e testClass = JpaUserRepositoryTest, locations = '{}', classes = '{class com.example.ssu_blog.SsuBlogApplication}', contextInitializerClasses = '[]', activeProfiles = '{}', propertySourceLocations = '{}', propertySourceProperties = '{org.springframework.boot.test.context.SpringBootTestContextBootstrapper=true}', contextCustomizers = set[org.springframework.boot.test.autoconfigure.actuate.metrics.MetricsExportContextCustomizerFactory$DisableMetricExportContextCustomizer@6c2c1385, org.springframework.boot.test.autoconfigure.properties.PropertyMappingContextCustomizer@0, org.springframework.boot.test.autoconfigure.web.servlet.WebDriverContextCustomizerFactory$Customizer@60856961, org.springframework.boot.test.context.filter.ExcludeFilterContextCustomizer@3abada5a, org.springframework.boot.test.json.DuplicateJsonObjectContextCustomizerFactory$DuplicateJsonObjectContextCustomizer@3adcc812, org.springframework.boot.test.mock.mockito.MockitoContextCustomizer@0, org.springframework.boot.test.web.client.TestRestTemplateContextCustomizer@39de3d36, org.springframework.boot.test.context.SpringBootTestArgs@1, org.springframework.boot.test.context.SpringBootTestWebEnvironment@7c83dc97], resourceBasePath = 'src/main/webapp', contextLoader = 'org.springframework.boot.test.context.SpringBootContextLoader', parent = [null]], attributes = map['org.springframework.test.context.web.ServletTestExecutionListener.activateListener' -> true, 'org.springframework.test.context.web.ServletTestExecutionListener.populatedRequestContextHolder' -> true, 'org.springframework.test.context.web.ServletTestExecutionListener.resetRequestContextHolder' -> true, 'org.springframework.test.context.event.ApplicationEventsTestExecutionListener.recordApplicationEvents' -> false]]
2023-09-12 21:57:43.980  INFO 45033 --- [    Test worker] o.s.t.c.transaction.TransactionContext   : Began transaction (1) for test context [DefaultTestContext@7e38a7fe testClass = JpaUserRepositoryTest, testInstance = com.example.ssu_blog.repository.JpaUserRepositoryTest@40239b34, testMethod = findByEmail@JpaUserRepositoryTest, testException = [null], mergedContextConfiguration = [WebMergedContextConfiguration@366ef90e testClass = JpaUserRepositoryTest, locations = '{}', classes = '{class com.example.ssu_blog.SsuBlogApplication}', contextInitializerClasses = '[]', activeProfiles = '{}', propertySourceLocations = '{}', propertySourceProperties = '{org.springframework.boot.test.context.SpringBootTestContextBootstrapper=true}', contextCustomizers = set[org.springframework.boot.test.autoconfigure.actuate.metrics.MetricsExportContextCustomizerFactory$DisableMetricExportContextCustomizer@6c2c1385, org.springframework.boot.test.autoconfigure.properties.PropertyMappingContextCustomizer@0, org.springframework.boot.test.autoconfigure.web.servlet.WebDriverContextCustomizerFactory$Customizer@60856961, org.springframework.boot.test.context.filter.ExcludeFilterContextCustomizer@3abada5a, org.springframework.boot.test.json.DuplicateJsonObjectContextCustomizerFactory$DuplicateJsonObjectContextCustomizer@3adcc812, org.springframework.boot.test.mock.mockito.MockitoContextCustomizer@0, org.springframework.boot.test.web.client.TestRestTemplateContextCustomizer@39de3d36, org.springframework.boot.test.context.SpringBootTestArgs@1, org.springframework.boot.test.context.SpringBootTestWebEnvironment@7c83dc97], resourceBasePath = 'src/main/webapp', contextLoader = 'org.springframework.boot.test.context.SpringBootContextLoader', parent = [null]], attributes = map['org.springframework.test.context.web.ServletTestExecutionListener.activateListener' -> true, 'org.springframework.test.context.web.ServletTestExecutionListener.populatedRequestContextHolder' -> true, 'org.springframework.test.context.web.ServletTestExecutionListener.resetRequestContextHolder' -> true, 'org.springframework.test.context.event.ApplicationEventsTestExecutionListener.recordApplicationEvents' -> false]]; transaction manager [org.springframework.orm.jpa.JpaTransactionManager@22cb8e5f]; rollback [true]
Hibernate: insert into user (created_at, email, password, updated_at, username) values (?, ?, ?, ?, ?)
Hibernate: select usermodel0_.user_id as user_id1_2_, usermodel0_.created_at as created_2_2_, usermodel0_.email as email3_2_, usermodel0_.password as password4_2_, usermodel0_.updated_at as updated_5_2_, usermodel0_.username as username6_2_ from user usermodel0_ where usermodel0_.email=?
2023-09-12 21:57:44.074  INFO 45033 --- [    Test worker] o.s.t.c.transaction.TransactionContext   : Rolled back transaction for test: [DefaultTestContext@7e38a7fe testClass = JpaUserRepositoryTest, testInstance = com.example.ssu_blog.repository.JpaUserRepositoryTest@40239b34, testMethod = findByEmail@JpaUserRepositoryTest, testException = [null], mergedContextConfiguration = [WebMergedContextConfiguration@366ef90e testClass = JpaUserRepositoryTest, locations = '{}', classes = '{class com.example.ssu_blog.SsuBlogApplication}', contextInitializerClasses = '[]', activeProfiles = '{}', propertySourceLocations = '{}', propertySourceProperties = '{org.springframework.boot.test.context.SpringBootTestContextBootstrapper=true}', contextCustomizers = set[org.springframework.boot.test.autoconfigure.actuate.metrics.MetricsExportContextCustomizerFactory$DisableMetricExportContextCustomizer@6c2c1385, org.springframework.boot.test.autoconfigure.properties.PropertyMappingContextCustomizer@0, org.springframework.boot.test.autoconfigure.web.servlet.WebDriverContextCustomizerFactory$Customizer@60856961, org.springframework.boot.test.context.filter.ExcludeFilterContextCustomizer@3abada5a, org.springframework.boot.test.json.DuplicateJsonObjectContextCustomizerFactory$DuplicateJsonObjectContextCustomizer@3adcc812, org.springframework.boot.test.mock.mockito.MockitoContextCustomizer@0, org.springframework.boot.test.web.client.TestRestTemplateContextCustomizer@39de3d36, org.springframework.boot.test.context.SpringBootTestArgs@1, org.springframework.boot.test.context.SpringBootTestWebEnvironment@7c83dc97], resourceBasePath = 'src/main/webapp', contextLoader = 'org.springframework.boot.test.context.SpringBootContextLoader', parent = [null]], attributes = map['org.springframework.test.context.web.ServletTestExecutionListener.activateListener' -> true, 'org.springframework.test.context.web.ServletTestExecutionListener.populatedRequestContextHolder' -> true, 'org.springframework.test.context.web.ServletTestExecutionListener.resetRequestContextHolder' -> true, 'org.springframework.test.context.event.ApplicationEventsTestExecutionListener.recordApplicationEvents' -> false]]
]]></system-out>
  <system-err><![CDATA[]]></system-err>
</testsuite>
