<?xml version="1.0" encoding="UTF-8"?>
<testsuite name="com.example.ssu_blog.repository.JpaUserRepositoryTest" tests="2" skipped="0" failures="0" errors="0" timestamp="2023-09-12T17:33:57" hostname="bagsangcheol-ui-MacBookPro.local" time="0.528">
  <properties/>
  <testcase name="User 추가 레포지토리 테스트" classname="com.example.ssu_blog.repository.JpaUserRepositoryTest" time="0.434"/>
  <testcase name="Email을 통해 User 찾기 레포지토리 테스트" classname="com.example.ssu_blog.repository.JpaUserRepositoryTest" time="0.091"/>
  <system-out><![CDATA[02:33:51.272 [Test worker] DEBUG org.springframework.test.context.BootstrapUtils - Instantiating CacheAwareContextLoaderDelegate from class [org.springframework.test.context.cache.DefaultCacheAwareContextLoaderDelegate]
02:33:51.283 [Test worker] DEBUG org.springframework.test.context.BootstrapUtils - Instantiating BootstrapContext using constructor [public org.springframework.test.context.support.DefaultBootstrapContext(java.lang.Class,org.springframework.test.context.CacheAwareContextLoaderDelegate)]
02:33:51.320 [Test worker] DEBUG org.springframework.test.context.BootstrapUtils - Instantiating TestContextBootstrapper for test class [com.example.ssu_blog.repository.JpaUserRepositoryTest] from class [org.springframework.boot.test.context.SpringBootTestContextBootstrapper]
02:33:51.343 [Test worker] INFO org.springframework.boot.test.context.SpringBootTestContextBootstrapper - Neither @ContextConfiguration nor @ContextHierarchy found for test class [com.example.ssu_blog.repository.JpaUserRepositoryTest], using SpringBootContextLoader
02:33:51.346 [Test worker] DEBUG org.springframework.test.context.support.AbstractContextLoader - Did not detect default resource location for test class [com.example.ssu_blog.repository.JpaUserRepositoryTest]: class path resource [com/example/ssu_blog/repository/JpaUserRepositoryTest-context.xml] does not exist
02:33:51.347 [Test worker] DEBUG org.springframework.test.context.support.AbstractContextLoader - Did not detect default resource location for test class [com.example.ssu_blog.repository.JpaUserRepositoryTest]: class path resource [com/example/ssu_blog/repository/JpaUserRepositoryTestContext.groovy] does not exist
02:33:51.347 [Test worker] INFO org.springframework.test.context.support.AbstractContextLoader - Could not detect default resource locations for test class [com.example.ssu_blog.repository.JpaUserRepositoryTest]: no resource found for suffixes {-context.xml, Context.groovy}.
02:33:51.347 [Test worker] INFO org.springframework.test.context.support.AnnotationConfigContextLoaderUtils - Could not detect default configuration classes for test class [com.example.ssu_blog.repository.JpaUserRepositoryTest]: JpaUserRepositoryTest does not declare any static, non-private, non-final, nested classes annotated with @Configuration.
02:33:51.403 [Test worker] DEBUG org.springframework.test.context.support.ActiveProfilesUtils - Could not find an 'annotation declaring class' for annotation type [org.springframework.test.context.ActiveProfiles] and class [com.example.ssu_blog.repository.JpaUserRepositoryTest]
02:33:51.474 [Test worker] DEBUG org.springframework.context.annotation.ClassPathScanningCandidateComponentProvider - Identified candidate component class: file [/Users/parksangcheol/Desktop/ssu_blog/build/classes/kotlin/main/com/example/ssu_blog/SsuBlogApplication.class]
02:33:51.479 [Test worker] INFO org.springframework.boot.test.context.SpringBootTestContextBootstrapper - Found @SpringBootConfiguration com.example.ssu_blog.SsuBlogApplication for test class com.example.ssu_blog.repository.JpaUserRepositoryTest
02:33:51.551 [Test worker] DEBUG org.springframework.boot.test.context.SpringBootTestContextBootstrapper - @TestExecutionListeners is not present for class [com.example.ssu_blog.repository.JpaUserRepositoryTest]: using defaults.
02:33:51.553 [Test worker] INFO org.springframework.boot.test.context.SpringBootTestContextBootstrapper - Loaded default TestExecutionListener class names from location [META-INF/spring.factories]: [org.springframework.boot.test.autoconfigure.restdocs.RestDocsTestExecutionListener, org.springframework.boot.test.autoconfigure.web.client.MockRestServiceServerResetTestExecutionListener, org.springframework.boot.test.autoconfigure.web.servlet.MockMvcPrintOnlyOnFailureTestExecutionListener, org.springframework.boot.test.autoconfigure.web.servlet.WebDriverTestExecutionListener, org.springframework.boot.test.autoconfigure.webservices.client.MockWebServiceServerTestExecutionListener, org.springframework.boot.test.mock.mockito.MockitoTestExecutionListener, org.springframework.boot.test.mock.mockito.ResetMocksTestExecutionListener, org.springframework.test.context.web.ServletTestExecutionListener, org.springframework.test.context.support.DirtiesContextBeforeModesTestExecutionListener, org.springframework.test.context.event.ApplicationEventsTestExecutionListener, org.springframework.test.context.support.DependencyInjectionTestExecutionListener, org.springframework.test.context.support.DirtiesContextTestExecutionListener, org.springframework.test.context.transaction.TransactionalTestExecutionListener, org.springframework.test.context.jdbc.SqlScriptsTestExecutionListener, org.springframework.test.context.event.EventPublishingTestExecutionListener]
02:33:51.569 [Test worker] INFO org.springframework.boot.test.context.SpringBootTestContextBootstrapper - Using TestExecutionListeners: [org.springframework.test.context.web.ServletTestExecutionListener@1bb1fde8, org.springframework.test.context.support.DirtiesContextBeforeModesTestExecutionListener@15eebbff, org.springframework.test.context.event.ApplicationEventsTestExecutionListener@22d6f11, org.springframework.boot.test.mock.mockito.MockitoTestExecutionListener@30990c1b, org.springframework.boot.test.autoconfigure.SpringBootDependencyInjectionTestExecutionListener@2453f95d, org.springframework.test.context.support.DirtiesContextTestExecutionListener@44828f6b, org.springframework.test.context.transaction.TransactionalTestExecutionListener@2dbe250d, org.springframework.test.context.jdbc.SqlScriptsTestExecutionListener@553f1d75, org.springframework.test.context.event.EventPublishingTestExecutionListener@6e1d8f9e, org.springframework.boot.test.autoconfigure.restdocs.RestDocsTestExecutionListener@3e34ace1, org.springframework.boot.test.autoconfigure.web.client.MockRestServiceServerResetTestExecutionListener@62fe6067, org.springframework.boot.test.autoconfigure.web.servlet.MockMvcPrintOnlyOnFailureTestExecutionListener@4f071df8, org.springframework.boot.test.autoconfigure.web.servlet.WebDriverTestExecutionListener@4de41af9, org.springframework.boot.test.autoconfigure.webservices.client.MockWebServiceServerTestExecutionListener@56ace400, org.springframework.boot.test.mock.mockito.ResetMocksTestExecutionListener@47404bea]
02:33:51.577 [Test worker] DEBUG org.springframework.test.context.support.AbstractDirtiesContextTestExecutionListener - Before test class: context [DefaultTestContext@2f9a01c1 testClass = JpaUserRepositoryTest, testInstance = [null], testMethod = [null], testException = [null], mergedContextConfiguration = [WebMergedContextConfiguration@2611b9a3 testClass = JpaUserRepositoryTest, locations = '{}', classes = '{class com.example.ssu_blog.SsuBlogApplication}', contextInitializerClasses = '[]', activeProfiles = '{}', propertySourceLocations = '{}', propertySourceProperties = '{org.springframework.boot.test.context.SpringBootTestContextBootstrapper=true}', contextCustomizers = set[org.springframework.boot.test.autoconfigure.actuate.metrics.MetricsExportContextCustomizerFactory$DisableMetricExportContextCustomizer@6af9fcb2, org.springframework.boot.test.autoconfigure.properties.PropertyMappingContextCustomizer@0, org.springframework.boot.test.autoconfigure.web.servlet.WebDriverContextCustomizerFactory$Customizer@3adcc812, org.springframework.boot.test.context.filter.ExcludeFilterContextCustomizer@a3d9978, org.springframework.boot.test.json.DuplicateJsonObjectContextCustomizerFactory$DuplicateJsonObjectContextCustomizer@1e461e41, org.springframework.boot.test.mock.mockito.MockitoContextCustomizer@0, org.springframework.boot.test.web.client.TestRestTemplateContextCustomizer@598bd2ba, org.springframework.boot.test.context.SpringBootTestArgs@1, org.springframework.boot.test.context.SpringBootTestWebEnvironment@568ff82], resourceBasePath = 'src/main/webapp', contextLoader = 'org.springframework.boot.test.context.SpringBootContextLoader', parent = [null]], attributes = map['org.springframework.test.context.web.ServletTestExecutionListener.activateListener' -> true]], class annotated with @DirtiesContext [false] with mode [null].

  .   ____          _            __ _ _
 /\\ / ___'_ __ _ _(_)_ __  __ _ \ \ \ \
( ( )\___ | '_ | '_| | '_ \/ _` | \ \ \ \
 \\/  ___)| |_)| | | | | || (_| |  ) ) ) )
  '  |____| .__|_| |_|_| |_\__, | / / / /
 =========|_|==============|___/=/_/_/_/
 :: Spring Boot ::      (v2.7.16-SNAPSHOT)

2023-09-13 02:33:52.154  INFO 45789 --- [    Test worker] c.e.s.repository.JpaUserRepositoryTest   : Starting JpaUserRepositoryTest using Java 18.0.2 on bagsangcheol-ui-MacBookPro.local with PID 45789 (started by parksangcheol in /Users/parksangcheol/Desktop/ssu_blog)
2023-09-13 02:33:52.155  INFO 45789 --- [    Test worker] c.e.s.repository.JpaUserRepositoryTest   : No active profile set, falling back to 1 default profile: "default"
2023-09-13 02:33:53.199  INFO 45789 --- [    Test worker] .s.d.r.c.RepositoryConfigurationDelegate : Bootstrapping Spring Data JPA repositories in DEFAULT mode.
2023-09-13 02:33:53.216  INFO 45789 --- [    Test worker] .s.d.r.c.RepositoryConfigurationDelegate : Finished Spring Data repository scanning in 12 ms. Found 0 JPA repository interfaces.
2023-09-13 02:33:54.129  INFO 45789 --- [    Test worker] o.hibernate.jpa.internal.util.LogHelper  : HHH000204: Processing PersistenceUnitInfo [name: default]
2023-09-13 02:33:54.198  INFO 45789 --- [    Test worker] org.hibernate.Version                    : HHH000412: Hibernate ORM core version 5.6.15.Final
2023-09-13 02:33:54.347  INFO 45789 --- [    Test worker] o.hibernate.annotations.common.Version   : HCANN000001: Hibernate Commons Annotations {5.1.2.Final}
2023-09-13 02:33:54.422  INFO 45789 --- [    Test worker] com.zaxxer.hikari.HikariDataSource       : HikariPool-1 - Starting...
2023-09-13 02:33:54.838  INFO 45789 --- [    Test worker] com.zaxxer.hikari.HikariDataSource       : HikariPool-1 - Start completed.
2023-09-13 02:33:54.849  INFO 45789 --- [    Test worker] org.hibernate.dialect.Dialect            : HHH000400: Using dialect: org.hibernate.dialect.MySQL57Dialect
2023-09-13 02:33:55.254  INFO 45789 --- [    Test worker] o.h.e.t.j.p.i.JtaPlatformInitiator       : HHH000490: Using JtaPlatform implementation: [org.hibernate.engine.transaction.jta.platform.internal.NoJtaPlatform]
2023-09-13 02:33:55.262  INFO 45789 --- [    Test worker] j.LocalContainerEntityManagerFactoryBean : Initialized JPA EntityManagerFactory for persistence unit 'default'
2023-09-13 02:33:55.783  WARN 45789 --- [    Test worker] JpaBaseConfiguration$JpaWebConfiguration : spring.jpa.open-in-view is enabled by default. Therefore, database queries may be performed during view rendering. Explicitly configure spring.jpa.open-in-view to disable this warning
2023-09-13 02:33:57.173  WARN 45789 --- [    Test worker] .s.s.UserDetailsServiceAutoConfiguration : 

Using generated security password: 1f4bfe24-e726-43a2-ab00-b27330978a79

This generated password is for development use only. Your security configuration must be updated before running your application in production.

2023-09-13 02:33:57.345  INFO 45789 --- [    Test worker] o.s.s.web.DefaultSecurityFilterChain     : Will secure any request with [org.springframework.security.web.session.DisableEncodeUrlFilter@779ef5cb, org.springframework.security.web.context.request.async.WebAsyncManagerIntegrationFilter@5d9d8ecf, org.springframework.security.web.context.SecurityContextPersistenceFilter@483fe83a, org.springframework.security.web.header.HeaderWriterFilter@57ac2910, org.springframework.security.web.csrf.CsrfFilter@75e92bb7, org.springframework.security.web.authentication.logout.LogoutFilter@350be5ec, org.springframework.security.web.authentication.UsernamePasswordAuthenticationFilter@4d91d2da, org.springframework.security.web.authentication.ui.DefaultLoginPageGeneratingFilter@50a095cb, org.springframework.security.web.authentication.ui.DefaultLogoutPageGeneratingFilter@43cc7951, org.springframework.security.web.authentication.www.BasicAuthenticationFilter@4a0c04ab, org.springframework.security.web.savedrequest.RequestCacheAwareFilter@1fab0394, org.springframework.security.web.servletapi.SecurityContextHolderAwareRequestFilter@28e24663, org.springframework.security.web.authentication.AnonymousAuthenticationFilter@758311ed, org.springframework.security.web.session.SessionManagementFilter@988c126, org.springframework.security.web.access.ExceptionTranslationFilter@2ecc4be7, org.springframework.security.web.access.intercept.FilterSecurityInterceptor@2d114d27]
2023-09-13 02:33:57.463  INFO 45789 --- [    Test worker] c.e.s.repository.JpaUserRepositoryTest   : Started JpaUserRepositoryTest in 5.827 seconds (JVM running for 7.244)
2023-09-13 02:33:57.627  INFO 45789 --- [    Test worker] o.s.t.c.transaction.TransactionContext   : Began transaction (1) for test context [DefaultTestContext@2f9a01c1 testClass = JpaUserRepositoryTest, testInstance = com.example.ssu_blog.repository.JpaUserRepositoryTest@15d2ea6b, testMethod = saveTest@JpaUserRepositoryTest, testException = [null], mergedContextConfiguration = [WebMergedContextConfiguration@2611b9a3 testClass = JpaUserRepositoryTest, locations = '{}', classes = '{class com.example.ssu_blog.SsuBlogApplication}', contextInitializerClasses = '[]', activeProfiles = '{}', propertySourceLocations = '{}', propertySourceProperties = '{org.springframework.boot.test.context.SpringBootTestContextBootstrapper=true}', contextCustomizers = set[org.springframework.boot.test.autoconfigure.actuate.metrics.MetricsExportContextCustomizerFactory$DisableMetricExportContextCustomizer@6af9fcb2, org.springframework.boot.test.autoconfigure.properties.PropertyMappingContextCustomizer@0, org.springframework.boot.test.autoconfigure.web.servlet.WebDriverContextCustomizerFactory$Customizer@3adcc812, org.springframework.boot.test.context.filter.ExcludeFilterContextCustomizer@a3d9978, org.springframework.boot.test.json.DuplicateJsonObjectContextCustomizerFactory$DuplicateJsonObjectContextCustomizer@1e461e41, org.springframework.boot.test.mock.mockito.MockitoContextCustomizer@0, org.springframework.boot.test.web.client.TestRestTemplateContextCustomizer@598bd2ba, org.springframework.boot.test.context.SpringBootTestArgs@1, org.springframework.boot.test.context.SpringBootTestWebEnvironment@568ff82], resourceBasePath = 'src/main/webapp', contextLoader = 'org.springframework.boot.test.context.SpringBootContextLoader', parent = [null]], attributes = map['org.springframework.test.context.web.ServletTestExecutionListener.activateListener' -> true, 'org.springframework.test.context.web.ServletTestExecutionListener.populatedRequestContextHolder' -> true, 'org.springframework.test.context.web.ServletTestExecutionListener.resetRequestContextHolder' -> true, 'org.springframework.test.context.event.ApplicationEventsTestExecutionListener.recordApplicationEvents' -> false]]; transaction manager [org.springframework.orm.jpa.JpaTransactionManager@7d7a8d23]; rollback [true]
Hibernate: insert into user (created_at, email, password, updated_at, username) values (?, ?, ?, ?, ?)
2023-09-13 02:33:58.011  INFO 45789 --- [    Test worker] o.s.t.c.transaction.TransactionContext   : Rolled back transaction for test: [DefaultTestContext@2f9a01c1 testClass = JpaUserRepositoryTest, testInstance = com.example.ssu_blog.repository.JpaUserRepositoryTest@15d2ea6b, testMethod = saveTest@JpaUserRepositoryTest, testException = [null], mergedContextConfiguration = [WebMergedContextConfiguration@2611b9a3 testClass = JpaUserRepositoryTest, locations = '{}', classes = '{class com.example.ssu_blog.SsuBlogApplication}', contextInitializerClasses = '[]', activeProfiles = '{}', propertySourceLocations = '{}', propertySourceProperties = '{org.springframework.boot.test.context.SpringBootTestContextBootstrapper=true}', contextCustomizers = set[org.springframework.boot.test.autoconfigure.actuate.metrics.MetricsExportContextCustomizerFactory$DisableMetricExportContextCustomizer@6af9fcb2, org.springframework.boot.test.autoconfigure.properties.PropertyMappingContextCustomizer@0, org.springframework.boot.test.autoconfigure.web.servlet.WebDriverContextCustomizerFactory$Customizer@3adcc812, org.springframework.boot.test.context.filter.ExcludeFilterContextCustomizer@a3d9978, org.springframework.boot.test.json.DuplicateJsonObjectContextCustomizerFactory$DuplicateJsonObjectContextCustomizer@1e461e41, org.springframework.boot.test.mock.mockito.MockitoContextCustomizer@0, org.springframework.boot.test.web.client.TestRestTemplateContextCustomizer@598bd2ba, org.springframework.boot.test.context.SpringBootTestArgs@1, org.springframework.boot.test.context.SpringBootTestWebEnvironment@568ff82], resourceBasePath = 'src/main/webapp', contextLoader = 'org.springframework.boot.test.context.SpringBootContextLoader', parent = [null]], attributes = map['org.springframework.test.context.web.ServletTestExecutionListener.activateListener' -> true, 'org.springframework.test.context.web.ServletTestExecutionListener.populatedRequestContextHolder' -> true, 'org.springframework.test.context.web.ServletTestExecutionListener.resetRequestContextHolder' -> true, 'org.springframework.test.context.event.ApplicationEventsTestExecutionListener.recordApplicationEvents' -> false]]
2023-09-13 02:33:58.023  INFO 45789 --- [    Test worker] o.s.t.c.transaction.TransactionContext   : Began transaction (1) for test context [DefaultTestContext@2f9a01c1 testClass = JpaUserRepositoryTest, testInstance = com.example.ssu_blog.repository.JpaUserRepositoryTest@408980aa, testMethod = findByEmail@JpaUserRepositoryTest, testException = [null], mergedContextConfiguration = [WebMergedContextConfiguration@2611b9a3 testClass = JpaUserRepositoryTest, locations = '{}', classes = '{class com.example.ssu_blog.SsuBlogApplication}', contextInitializerClasses = '[]', activeProfiles = '{}', propertySourceLocations = '{}', propertySourceProperties = '{org.springframework.boot.test.context.SpringBootTestContextBootstrapper=true}', contextCustomizers = set[org.springframework.boot.test.autoconfigure.actuate.metrics.MetricsExportContextCustomizerFactory$DisableMetricExportContextCustomizer@6af9fcb2, org.springframework.boot.test.autoconfigure.properties.PropertyMappingContextCustomizer@0, org.springframework.boot.test.autoconfigure.web.servlet.WebDriverContextCustomizerFactory$Customizer@3adcc812, org.springframework.boot.test.context.filter.ExcludeFilterContextCustomizer@a3d9978, org.springframework.boot.test.json.DuplicateJsonObjectContextCustomizerFactory$DuplicateJsonObjectContextCustomizer@1e461e41, org.springframework.boot.test.mock.mockito.MockitoContextCustomizer@0, org.springframework.boot.test.web.client.TestRestTemplateContextCustomizer@598bd2ba, org.springframework.boot.test.context.SpringBootTestArgs@1, org.springframework.boot.test.context.SpringBootTestWebEnvironment@568ff82], resourceBasePath = 'src/main/webapp', contextLoader = 'org.springframework.boot.test.context.SpringBootContextLoader', parent = [null]], attributes = map['org.springframework.test.context.web.ServletTestExecutionListener.activateListener' -> true, 'org.springframework.test.context.web.ServletTestExecutionListener.populatedRequestContextHolder' -> true, 'org.springframework.test.context.web.ServletTestExecutionListener.resetRequestContextHolder' -> true, 'org.springframework.test.context.event.ApplicationEventsTestExecutionListener.recordApplicationEvents' -> false]]; transaction manager [org.springframework.orm.jpa.JpaTransactionManager@7d7a8d23]; rollback [true]
Hibernate: insert into user (created_at, email, password, updated_at, username) values (?, ?, ?, ?, ?)
Hibernate: select usermodel0_.user_id as user_id1_2_, usermodel0_.created_at as created_2_2_, usermodel0_.email as email3_2_, usermodel0_.password as password4_2_, usermodel0_.updated_at as updated_5_2_, usermodel0_.username as username6_2_ from user usermodel0_ where usermodel0_.email=?
2023-09-13 02:33:58.110  INFO 45789 --- [    Test worker] o.s.t.c.transaction.TransactionContext   : Rolled back transaction for test: [DefaultTestContext@2f9a01c1 testClass = JpaUserRepositoryTest, testInstance = com.example.ssu_blog.repository.JpaUserRepositoryTest@408980aa, testMethod = findByEmail@JpaUserRepositoryTest, testException = [null], mergedContextConfiguration = [WebMergedContextConfiguration@2611b9a3 testClass = JpaUserRepositoryTest, locations = '{}', classes = '{class com.example.ssu_blog.SsuBlogApplication}', contextInitializerClasses = '[]', activeProfiles = '{}', propertySourceLocations = '{}', propertySourceProperties = '{org.springframework.boot.test.context.SpringBootTestContextBootstrapper=true}', contextCustomizers = set[org.springframework.boot.test.autoconfigure.actuate.metrics.MetricsExportContextCustomizerFactory$DisableMetricExportContextCustomizer@6af9fcb2, org.springframework.boot.test.autoconfigure.properties.PropertyMappingContextCustomizer@0, org.springframework.boot.test.autoconfigure.web.servlet.WebDriverContextCustomizerFactory$Customizer@3adcc812, org.springframework.boot.test.context.filter.ExcludeFilterContextCustomizer@a3d9978, org.springframework.boot.test.json.DuplicateJsonObjectContextCustomizerFactory$DuplicateJsonObjectContextCustomizer@1e461e41, org.springframework.boot.test.mock.mockito.MockitoContextCustomizer@0, org.springframework.boot.test.web.client.TestRestTemplateContextCustomizer@598bd2ba, org.springframework.boot.test.context.SpringBootTestArgs@1, org.springframework.boot.test.context.SpringBootTestWebEnvironment@568ff82], resourceBasePath = 'src/main/webapp', contextLoader = 'org.springframework.boot.test.context.SpringBootContextLoader', parent = [null]], attributes = map['org.springframework.test.context.web.ServletTestExecutionListener.activateListener' -> true, 'org.springframework.test.context.web.ServletTestExecutionListener.populatedRequestContextHolder' -> true, 'org.springframework.test.context.web.ServletTestExecutionListener.resetRequestContextHolder' -> true, 'org.springframework.test.context.event.ApplicationEventsTestExecutionListener.recordApplicationEvents' -> false]]
]]></system-out>
  <system-err><![CDATA[]]></system-err>
</testsuite>
